[debug] [2017-07-30T13:01:34.934Z] ----------------------------------------------------------------------
[debug] [2017-07-30T13:01:34.939Z] Command:      /usr/local/bin/node /usr/local/bin/firebase serve --only functions
[debug] [2017-07-30T13:01:34.940Z] CLI Version:  3.9.1
[debug] [2017-07-30T13:01:34.940Z] Platform:     darwin
[debug] [2017-07-30T13:01:34.940Z] Node Version: v6.9.1
[debug] [2017-07-30T13:01:34.940Z] Time:         Sun Jul 30 2017 16:01:34 GMT+0300 (EEST)
[debug] [2017-07-30T13:01:34.940Z] ----------------------------------------------------------------------
[debug] 
[debug] [2017-07-30T13:01:34.971Z] > command requires scopes: ["email","openid","https://www.googleapis.com/auth/cloudplatformprojects.readonly","https://www.googleapis.com/auth/firebase","https://www.googleapis.com/auth/cloud-platform"]
[debug] [2017-07-30T13:01:34.972Z] > authorizing via signed-in user
[debug] [2017-07-30T13:01:34.975Z] >>> HTTP REQUEST GET https://admin.firebase.com/v1/projects/angular-universal-1fc26  
 Sun Jul 30 2017 16:01:34 GMT+0300 (EEST)
[debug] [2017-07-30T13:01:36.055Z] <<< HTTP RESPONSE 200
[debug] [2017-07-30T13:01:36.057Z] >>> HTTP REQUEST GET https://admin.firebase.com/v1/database/angular-universal-1fc26/tokens  
 Sun Jul 30 2017 16:01:36 GMT+0300 (EEST)
[debug] [2017-07-30T13:01:36.853Z] <<< HTTP RESPONSE 200
[info] 
[info] === Serving from '/Users/deniz/playground/angular-ssr-firebase'...
[info] 
[info] i  functions: Preparing to emulate HTTPS functions. Support for other event types coming soon.
[debug] [2017-07-30T13:01:40.126Z] >>> HTTP REQUEST GET https://appengine.googleapis.com/v1/apps/angular-universal-1fc26  
 Sun Jul 30 2017 16:01:40 GMT+0300 (EEST)
[debug] [2017-07-30T13:01:40.128Z] >>> HTTP REQUEST GET https://apikeys.googleapis.com/v1/projects/angular-universal-1fc26/apiKeys  
 Sun Jul 30 2017 16:01:40 GMT+0300 (EEST)
[debug] [2017-07-30T13:01:40.640Z] <<< HTTP RESPONSE 200
[debug] [2017-07-30T13:01:41.354Z] <<< HTTP RESPONSE 200
[info] ✔  functions: ssr: http://localhost:5002/angular-universal-1fc26/us-central1/ssr
